# JRE version: OpenJDK Runtime Environment Temurin-21.0.8+9 (21.0.8+9) (build 21.0.8+9-LTS)
# Java VM: OpenJDK 64-Bit Server VM Temurin-21.0.8+9 (21.0.8+9-LTS, mixed mode, sharing, tiered, compressed oops, compressed class ptrs, parallel gc, windows-amd64)
GC Precious Log:
 CardTable entry size: 512
 CPUs: 8 total, 8 available
 Memory: 7932M
 Large Page Support: Disabled
 NUMA Support: Disabled
 Compressed Oops: Enabled (32-bit)
 Alignments: Space 512K, Generation 512K, Heap 2M
 Heap Min Capacity: 100M
 Heap Initial Capacity: 100M
 Heap Max Capacity: 2G
 Pre-touch: Disabled
 Parallel Workers: 8
Heap:
 PSYoungGen      total 3072K, used 499K [0x00000000d5580000, 0x00000000d5980000, 0x0000000100000000)
  eden space 2560K, 9% used [0x00000000d5580000,0x00000000d55bcfe8,0x00000000d5800000)
  from space 512K, 50% used [0x00000000d5900000,0x00000000d5940000,0x00000000d5980000)
  to   space 512K, 0% used [0x00000000d5880000,0x00000000d5880000,0x00000000d5900000)
 ParOldGen       total 430592K, used 430316K [0x0000000080000000, 0x000000009a480000, 0x00000000d5580000)
  object space 430592K, 99% used [0x0000000080000000,0x000000009a43b068,0x000000009a480000)
 Metaspace       used 58058K, committed 59392K, reserved 1114112K
  class space    used 6001K, committed 6592K, reserved 1048576K
GC Heap History (20 events):
Event: 123.032 GC heap before
{Heap before GC invocations=387 (full 2):
 PSYoungGen      total 3072K, used 2491K [0x00000000d5580000, 0x00000000d5a80000, 0x0000000100000000)
  eden space 1536K, 91% used [0x00000000d5580000,0x00000000d56dedc8,0x00000000d5700000)
  from space 1536K, 70% used [0x00000000d5900000,0x00000000d5a10000,0x00000000d5a80000)
  to   space 1536K, 0% used [0x00000000d5780000,0x00000000d5780000,0x00000000d5900000)
 ParOldGen       total 418816K, used 418397K [0x0000000080000000, 0x0000000099900000, 0x00000000d5580000)
  object space 418816K, 99% used [0x0000000080000000,0x0000000099897780,0x0000000099900000)
 Metaspace       used 57792K, committed 59136K, reserved 1114112K
  class space    used 5977K, committed 6528K, reserved 1048576K
}
Event: 123.039 GC heap after
{Heap after GC invocations=387 (full 2):
 PSYoungGen      total 3584K, used 1514K [0x00000000d5580000, 0x00000000d5d80000, 0x0000000100000000)
  eden space 2048K, 0% used [0x00000000d5580000,0x00000000d5580000,0x00000000d5780000)
  from space 1536K, 98% used [0x00000000d5780000,0x00000000d58fab50,0x00000000d5900000)
  to   space 3072K, 0% used [0x00000000d5a80000,0x00000000d5a80000,0x00000000d5d80000)
 ParOldGen       total 419840K, used 419429K [0x0000000080000000, 0x0000000099a00000, 0x00000000d5580000)
  object space 419840K, 99% used [0x0000000080000000,0x0000000099999780,0x0000000099a00000)
 Metaspace       used 57792K, committed 59136K, reserved 1114112K
  class space    used 5977K, committed 6528K, reserved 1048576K
}
Event: 123.057 GC heap before
{Heap before GC invocations=388 (full 2):
 PSYoungGen      total 3584K, used 3562K [0x00000000d5580000, 0x00000000d5d80000, 0x0000000100000000)
  eden space 2048K, 100% used [0x00000000d5580000,0x00000000d5780000,0x00000000d5780000)
  from space 1536K, 98% used [0x00000000d5780000,0x00000000d58fab50,0x00000000d5900000)
  to   space 3072K, 0% used [0x00000000d5a80000,0x00000000d5a80000,0x00000000d5d80000)
 ParOldGen       total 419840K, used 419429K [0x0000000080000000, 0x0000000099a00000, 0x00000000d5580000)
  object space 419840K, 99% used [0x0000000080000000,0x0000000099999780,0x0000000099a00000)
 Metaspace       used 57798K, committed 59136K, reserved 1114112K
  class space    used 5977K, committed 6528K, reserved 1048576K
}
Event: 123.063 GC heap after
{Heap after GC invocations=388 (full 2):
 PSYoungGen      total 5120K, used 2127K [0x00000000d5580000, 0x00000000d5d00000, 0x0000000100000000)
  eden space 2560K, 0% used [0x00000000d5580000,0x00000000d5580000,0x00000000d5800000)
  from space 2560K, 83% used [0x00000000d5a80000,0x00000000d5c93e70,0x00000000d5d00000)
  to   space 2560K, 0% used [0x00000000d5800000,0x00000000d5800000,0x00000000d5a80000)
 ParOldGen       total 420864K, used 420829K [0x0000000080000000, 0x0000000099b00000, 0x00000000d5580000)
  object space 420864K, 99% used [0x0000000080000000,0x0000000099af7470,0x0000000099b00000)
 Metaspace       used 57798K, committed 59136K, reserved 1114112K
  class space    used 5977K, committed 6528K, reserved 1048576K
}
Event: 123.090 GC heap before
{Heap before GC invocations=389 (full 2):
 PSYoungGen      total 5120K, used 4687K [0x00000000d5580000, 0x00000000d5d00000, 0x0000000100000000)
  eden space 2560K, 100% used [0x00000000d5580000,0x00000000d5800000,0x00000000d5800000)
  from space 2560K, 83% used [0x00000000d5a80000,0x00000000d5c93e70,0x00000000d5d00000)
  to   space 2560K, 0% used [0x00000000d5800000,0x00000000d5800000,0x00000000d5a80000)
 ParOldGen       total 420864K, used 420829K [0x0000000080000000, 0x0000000099b00000, 0x00000000d5580000)
  object space 420864K, 99% used [0x0000000080000000,0x0000000099af7470,0x0000000099b00000)
 Metaspace       used 57799K, committed 59136K, reserved 1114112K
  class space    used 5977K, committed 6528K, reserved 1048576K
}
Event: 123.096 GC heap after
{Heap after GC invocations=389 (full 2):
 PSYoungGen      total 5120K, used 2386K [0x00000000d5580000, 0x00000000d5d80000, 0x0000000100000000)
  eden space 2560K, 0% used [0x00000000d5580000,0x00000000d5580000,0x00000000d5800000)
  from space 2560K, 93% used [0x00000000d5800000,0x00000000d5a54918,0x00000000d5a80000)
  to   space 2560K, 0% used [0x00000000d5b00000,0x00000000d5b00000,0x00000000d5d80000)
 ParOldGen       total 422912K, used 422892K [0x0000000080000000, 0x0000000099d00000, 0x00000000d5580000)
  object space 422912K, 99% used [0x0000000080000000,0x0000000099cfb2e0,0x0000000099d00000)
 Metaspace       used 57799K, committed 59136K, reserved 1114112K
  class space    used 5977K, committed 6528K, reserved 1048576K
}
Event: 123.118 GC heap before
{Heap before GC invocations=390 (full 2):
 PSYoungGen      total 5120K, used 4946K [0x00000000d5580000, 0x00000000d5d80000, 0x0000000100000000)
  eden space 2560K, 100% used [0x00000000d5580000,0x00000000d5800000,0x00000000d5800000)
  from space 2560K, 93% used [0x00000000d5800000,0x00000000d5a54918,0x00000000d5a80000)
  to   space 2560K, 0% used [0x00000000d5b00000,0x00000000d5b00000,0x00000000d5d80000)
 ParOldGen       total 422912K, used 422892K [0x0000000080000000, 0x0000000099d00000, 0x00000000d5580000)
  object space 422912K, 99% used [0x0000000080000000,0x0000000099cfb2e0,0x0000000099d00000)
 Metaspace       used 57808K, committed 59136K, reserved 1114112K
  class space    used 5977K, committed 6528K, reserved 1048576K
}
Event: 123.126 GC heap after
{Heap after GC invocations=390 (full 2):
 PSYoungGen      total 3072K, used 2530K [0x00000000d5580000, 0x00000000d6380000, 0x0000000100000000)
  eden space 512K, 0% used [0x00000000d5580000,0x00000000d5580000,0x00000000d5600000)
  from space 2560K, 98% used [0x00000000d5b00000,0x00000000d5d788f0,0x00000000d5d80000)
  to   space 5120K, 0% used [0x00000000d5600000,0x00000000d5600000,0x00000000d5b00000)
 ParOldGen       total 425472K, used 425150K [0x0000000080000000, 0x0000000099f80000, 0x00000000d5580000)
  object space 425472K, 99% used [0x0000000080000000,0x0000000099f2f8c0,0x0000000099f80000)
 Metaspace       used 57808K, committed 59136K, reserved 1114112K
  class space    used 5977K, committed 6528K, reserved 1048576K
}
Event: 123.131 GC heap before
{Heap before GC invocations=391 (full 2):
 PSYoungGen      total 3072K, used 3042K [0x00000000d5580000, 0x00000000d6380000, 0x0000000100000000)
  eden space 512K, 100% used [0x00000000d5580000,0x00000000d5600000,0x00000000d5600000)
  from space 2560K, 98% used [0x00000000d5b00000,0x00000000d5d788f0,0x00000000d5d80000)
  to   space 5120K, 0% used [0x00000000d5600000,0x00000000d5600000,0x00000000d5b00000)
 ParOldGen       total 425472K, used 425150K [0x0000000080000000, 0x0000000099f80000, 0x00000000d5580000)
  object space 425472K, 99% used [0x0000000080000000,0x0000000099f2f8c0,0x0000000099f80000)
 Metaspace       used 57808K, committed 59136K, reserved 1114112K
  class space    used 5977K, committed 6528K, reserved 1048576K
}
Event: 123.140 GC heap after
{Heap after GC invocations=391 (full 2):
 PSYoungGen      total 1536K, used 640K [0x00000000d5580000, 0x00000000d5b80000, 0x0000000100000000)
  eden space 512K, 0% used [0x00000000d5580000,0x00000000d5580000,0x00000000d5600000)
  from space 1024K, 62% used [0x00000000d5600000,0x00000000d56a0000,0x00000000d5700000)
  to   space 2560K, 0% used [0x00000000d5900000,0x00000000d5900000,0x00000000d5b80000)
 ParOldGen       total 428032K, used 427693K [0x0000000080000000, 0x000000009a200000, 0x00000000d5580000)
  object space 428032K, 99% used [0x0000000080000000,0x000000009a1ab630,0x000000009a200000)
 Metaspace       used 57808K, committed 59136K, reserved 1114112K
  class space    used 5977K, committed 6528K, reserved 1048576K
}
Event: 123.150 GC heap before
{Heap before GC invocations=392 (full 2):
 PSYoungGen      total 1536K, used 1152K [0x00000000d5580000, 0x00000000d5b80000, 0x0000000100000000)
  eden space 512K, 100% used [0x00000000d5580000,0x00000000d5600000,0x00000000d5600000)
  from space 1024K, 62% used [0x00000000d5600000,0x00000000d56a0000,0x00000000d5700000)
  to   space 2560K, 0% used [0x00000000d5900000,0x00000000d5900000,0x00000000d5b80000)
 ParOldGen       total 428032K, used 427693K [0x0000000080000000, 0x000000009a200000, 0x00000000d5580000)
  object space 428032K, 99% used [0x0000000080000000,0x000000009a1ab630,0x000000009a200000)
 Metaspace       used 57815K, committed 59136K, reserved 1114112K
  class space    used 5977K, committed 6528K, reserved 1048576K
}
Event: 123.157 GC heap after
{Heap after GC invocations=392 (full 2):
 PSYoungGen      total 2048K, used 656K [0x00000000d5580000, 0x00000000d5a00000, 0x0000000100000000)
  eden space 1024K, 0% used [0x00000000d5580000,0x00000000d5580000,0x00000000d5680000)
  from space 1024K, 64% used [0x00000000d5900000,0x00000000d59a4338,0x00000000d5a00000)
  to   space 1024K, 0% used [0x00000000d5800000,0x00000000d5800000,0x00000000d5900000)
 ParOldGen       total 428544K, used 428205K [0x0000000080000000, 0x000000009a280000, 0x00000000d5580000)
  object space 428544K, 99% used [0x0000000080000000,0x000000009a22b630,0x000000009a280000)
 Metaspace       used 57815K, committed 59136K, reserved 1114112K
  class space    used 5977K, committed 6528K, reserved 1048576K
}
Event: 123.184 GC heap before
{Heap before GC invocations=393 (full 2):
 PSYoungGen      total 2048K, used 1619K [0x00000000d5580000, 0x00000000d5a00000, 0x0000000100000000)
  eden space 1024K, 93% used [0x00000000d5580000,0x00000000d56708e0,0x00000000d5680000)
  from space 1024K, 64% used [0x00000000d5900000,0x00000000d59a4338,0x00000000d5a00000)
  to   space 1024K, 0% used [0x00000000d5800000,0x00000000d5800000,0x00000000d5900000)
 ParOldGen       total 428544K, used 428205K [0x0000000080000000, 0x000000009a280000, 0x00000000d5580000)
  object space 428544K, 99% used [0x0000000080000000,0x000000009a22b630,0x000000009a280000)
 Metaspace       used 57817K, committed 59136K, reserved 1114112K
  class space    used 5977K, committed 6528K, reserved 1048576K
}
Event: 123.191 GC heap after
{Heap after GC invocations=393 (full 2):
 PSYoungGen      total 2560K, used 840K [0x00000000d5580000, 0x00000000d5980000, 0x0000000100000000)
  eden space 1536K, 0% used [0x00000000d5580000,0x00000000d5580000,0x00000000d5700000)
  from space 1024K, 82% used [0x00000000d5800000,0x00000000d58d2028,0x00000000d5900000)
  to   space 512K, 0% used [0x00000000d5900000,0x00000000d5900000,0x00000000d5980000)
 ParOldGen       total 429056K, used 428653K [0x0000000080000000, 0x000000009a300000, 0x00000000d5580000)
  object space 429056K, 99% used [0x0000000080000000,0x000000009a29b630,0x000000009a300000)
 Metaspace       used 57817K, committed 59136K, reserved 1114112K
  class space    used 5977K, committed 6528K, reserved 1048576K
}
Event: 123.331 GC heap before
{Heap before GC invocations=394 (full 2):
 PSYoungGen      total 2560K, used 2376K [0x00000000d5580000, 0x00000000d5980000, 0x0000000100000000)
  eden space 1536K, 100% used [0x00000000d5580000,0x00000000d5700000,0x00000000d5700000)
  from space 1024K, 82% used [0x00000000d5800000,0x00000000d58d2028,0x00000000d5900000)
  to   space 512K, 0% used [0x00000000d5900000,0x00000000d5900000,0x00000000d5980000)
 ParOldGen       total 429056K, used 428653K [0x0000000080000000, 0x000000009a300000, 0x00000000d5580000)
  object space 429056K, 99% used [0x0000000080000000,0x000000009a29b630,0x000000009a300000)
 Metaspace       used 57817K, committed 59136K, reserved 1114112K
  class space    used 5977K, committed 6528K, reserved 1048576K
}
Event: 123.337 GC heap after
{Heap after GC invocations=394 (full 2):
 PSYoungGen      total 2560K, used 304K [0x00000000d5580000, 0x00000000d5980000, 0x0000000100000000)
  eden space 2048K, 0% used [0x00000000d5580000,0x00000000d5580000,0x00000000d5780000)
  from space 512K, 59% used [0x00000000d5900000,0x00000000d594c008,0x00000000d5980000)
  to   space 512K, 0% used [0x00000000d5880000,0x00000000d5880000,0x00000000d5900000)
 ParOldGen       total 430080K, used 429991K [0x0000000080000000, 0x000000009a400000, 0x00000000d5580000)
  object space 430080K, 99% used [0x0000000080000000,0x000000009a3e9e58,0x000000009a400000)
 Metaspace       used 57817K, committed 59136K, reserved 1114112K
  class space    used 5977K, committed 6528K, reserved 1048576K
}
Event: 350.963 GC heap before
{Heap before GC invocations=395 (full 2):
 PSYoungGen      total 2560K, used 2352K [0x00000000d5580000, 0x00000000d5980000, 0x0000000100000000)
  eden space 2048K, 100% used [0x00000000d5580000,0x00000000d5780000,0x00000000d5780000)
  from space 512K, 59% used [0x00000000d5900000,0x00000000d594c008,0x00000000d5980000)
  to   space 512K, 0% used [0x00000000d5880000,0x00000000d5880000,0x00000000d5900000)
 ParOldGen       total 430080K, used 429991K [0x0000000080000000, 0x000000009a400000, 0x00000000d5580000)
  object space 430080K, 99% used [0x0000000080000000,0x000000009a3e9e58,0x000000009a400000)
 Metaspace       used 57837K, committed 59136K, reserved 1114112K
  class space    used 5979K, committed 6528K, reserved 1048576K
}
Event: 351.006 GC heap after
{Heap after GC invocations=395 (full 2):
 PSYoungGen      total 3072K, used 256K [0x00000000d5580000, 0x00000000d5980000, 0x0000000100000000)
  eden space 2560K, 0% used [0x00000000d5580000,0x00000000d5580000,0x00000000d5800000)
  from space 512K, 50% used [0x00000000d5880000,0x00000000d58c0000,0x00000000d5900000)
  to   space 512K, 0% used [0x00000000d5900000,0x00000000d5900000,0x00000000d5980000)
 ParOldGen       total 430592K, used 430215K [0x0000000080000000, 0x000000009a480000, 0x00000000d5580000)
  object space 430592K, 99% used [0x0000000080000000,0x000000009a421e60,0x000000009a480000)
 Metaspace       used 57837K, committed 59136K, reserved 1114112K
  class space    used 5979K, committed 6528K, reserved 1048576K
}
Event: 47720.029 GC heap before
{Heap before GC invocations=396 (full 2):
 PSYoungGen      total 3072K, used 2815K [0x00000000d5580000, 0x00000000d5980000, 0x0000000100000000)
  eden space 2560K, 99% used [0x00000000d5580000,0x00000000d57ffec0,0x00000000d5800000)
  from space 512K, 50% used [0x00000000d5880000,0x00000000d58c0000,0x00000000d5900000)
  to   space 512K, 0% used [0x00000000d5900000,0x00000000d5900000,0x00000000d5980000)
 ParOldGen       total 430592K, used 430215K [0x0000000080000000, 0x000000009a480000, 0x00000000d5580000)
  object space 430592K, 99% used [0x0000000080000000,0x000000009a421e60,0x000000009a480000)
 Metaspace       used 58015K, committed 59328K, reserved 1114112K
  class space    used 6001K, committed 6592K, reserved 1048576K
}
Event: 47720.194 GC heap after
{Heap after GC invocations=396 (full 2):
 PSYoungGen      total 3072K, used 256K [0x00000000d5580000, 0x00000000d5980000, 0x0000000100000000)
  eden space 2560K, 0% used [0x00000000d5580000,0x00000000d5580000,0x00000000d5800000)
  from space 512K, 50% used [0x00000000d5900000,0x00000000d5940000,0x00000000d5980000)
  to   space 512K, 0% used [0x00000000d5880000,0x00000000d5880000,0x00000000d5900000)
 ParOldGen       total 430592K, used 430316K [0x0000000080000000, 0x000000009a480000, 0x00000000d5580000)
  object space 430592K, 99% used [0x0000000080000000,0x000000009a43b068,0x000000009a480000)
 Metaspace       used 58015K, committed 59328K, reserved 1114112K
  class space    used 6001K, committed 6592K, reserved 1048576K
}

